<?xml version="1.0" encoding="utf-8"?>
<TestRun id="10e50d46-5cd7-40a7-a800-96b05e74fadc" name="o1o6o@초루의-FLOWZ13 2026-08-23 23:01:46" runUser="초루의-FLOWZ13\o1o6o" xmlns="http://microsoft.com/schemas/VisualStudio/TeamTest/2010">
  <Times creation="2026-08-23T23:01:46.7803833+09:00" queuing="2026-08-23T23:01:46.7803837+09:00" start="2026-08-23T23:01:45.6938764+09:00" finish="2026-08-23T23:01:47.2487801+09:00" />
  <TestSettings name="default" id="24e9bf66-d915-4108-8cf6-50afd4ae37f1">
    <Deployment runDeploymentRoot="o1o6o_초루의-FLOWZ13_2026-08-23_23_01_46" />
  </TestSettings>
  <Results>
    <UnitTestResult executionId="785ed0d1-8a66-4e6d-9857-53d5e0e8ce46" testId="ecfc34f1-4362-5b41-42fd-030e54caaca5" testName="TabletDroid.Tests.ClipboardBridgeTests.HandleWindowsClipboardChanged_SuppressesEcho_WhenHashMatchesLastSent" computerName="초루의-FLOWZ13" duration="00:00:00.1777840" startTime="2026-08-23T23:01:46.7768129+09:00" endTime="2026-08-23T23:01:46.7768132+09:00" testType="13cdc9d9-ddb5-4fa4-a97d-d965ccfc6d4b" outcome="Passed" testListId="8c84fa94-04c1-424b-9868-57a2d4851a1d" relativeResultsDirectory="785ed0d1-8a66-4e6d-9857-53d5e0e8ce46" />
    <UnitTestResult executionId="0b0063d3-b220-4ee2-8e3e-9e40e0954320" testId="f00d7e1c-cda6-9768-a839-4fc62b89688c" testName="TabletDroid.Tests.BenchmarkMetricsTests.LowFrameSample_IsClassifiedAsInsufficientSamples" computerName="초루의-FLOWZ13" duration="00:00:00.0000982" startTime="2026-08-23T23:01:46.7461622+09:00" endTime="2026-08-23T23:01:46.7461623+09:00" testType="13cdc9d9-ddb5-4fa4-a97d-d965ccfc6d4b" outcome="Passed" testListId="8c84fa94-04c1-424b-9868-57a2d4851a1d" relativeResultsDirectory="0b0063d3-b220-4ee2-8e3e-9e40e0954320" />
    <UnitTestResult executionId="4281e16d-75b6-4b4d-956e-af3d17f42a0c" testId="d9a78669-7762-7e2c-22bf-10994ddde10d" testName="TabletDroid.Tests.ProtocolSerializationTests.HandshakeMessage_SerializesCorrectly" computerName="초루의-FLOWZ13" duration="00:00:00.0053068" startTime="2026-08-23T23:01:46.7462194+09:00" endTime="2026-08-23T23:01:46.7462194+09:00" testType="13cdc9d9-ddb5-4fa4-a97d-d965ccfc6d4b" outcome="Passed" testListId="8c84fa94-04c1-424b-9868-57a2d4851a1d" relativeResultsDirectory="4281e16d-75b6-4b4d-956e-af3d17f42a0c" />
    <UnitTestResult executionId="c61cabe4-830a-4436-9138-2f9518948d10" testId="61d61233-e8a6-f81b-9296-c9eaba8c4822" testName="TabletDroid.Tests.DebouncedOrientationWatcherTests.OrientationWatcher_DebouncesRapidEvents" computerName="초루의-FLOWZ13" duration="00:00:00.2633767" startTime="2026-08-23T23:01:47.1977680+09:00" endTime="2026-08-23T23:01:47.1977684+09:00" testType="13cdc9d9-ddb5-4fa4-a97d-d965ccfc6d4b" outcome="Passed" testListId="8c84fa94-04c1-424b-9868-57a2d4851a1d" relativeResultsDirectory="c61cabe4-830a-4436-9138-2f9518948d10" />
    <UnitTestResult executionId="87c886b5-81ee-40f7-bc5a-fef11d7c3a47" testId="cbd4b062-062b-af62-1cfe-30864060d127" testName="TabletDroid.Tests.WindowEmbedderTests.ComputeEmbeddedStyle_StripsPopupAndCaption_AndAddsChildAndVisible" computerName="초루의-FLOWZ13" duration="00:00:00.1120383" startTime="2026-08-23T23:01:46.7145247+09:00" endTime="2026-08-23T23:01:46.7145682+09:00" testType="13cdc9d9-ddb5-4fa4-a97d-d965ccfc6d4b" outcome="Passed" testListId="8c84fa94-04c1-424b-9868-57a2d4851a1d" relativeResultsDirectory="87c886b5-81ee-40f7-bc5a-fef11d7c3a47" />
    <UnitTestResult executionId="8ebc349b-5c01-4287-b57a-bea65a478929" testId="c56bcb60-d88e-4f07-ca5b-02d8cb9a4535" testName="TabletDroid.Tests.DiagnosticsAndRotationTests.RotationBridge_AppliesUserRotation_WhenSynchronizingPhysicalOrientation" computerName="초루의-FLOWZ13" duration="00:00:00.0012359" startTime="2026-08-23T23:01:46.7786243+09:00" endTime="2026-08-23T23:01:46.7786247+09:00" testType="13cdc9d9-ddb5-4fa4-a97d-d965ccfc6d4b" outcome="Passed" testListId="8c84fa94-04c1-424b-9868-57a2d4851a1d" relativeResultsDirectory="8ebc349b-5c01-4287-b57a-bea65a478929" />
    <UnitTestResult executionId="af0edad2-f41a-44e4-906d-0f97dc23a08c" testId="5034bb9b-697c-54ad-02ff-5b2f1974e873" testName="TabletDroid.Tests.WindowEmbedderTests.ComputeEmbeddedExStyle_StripsAppWindowAndBorders_AndAddsNoParentNotify" computerName="초루의-FLOWZ13" duration="00:00:00.0001775" startTime="2026-08-23T23:01:46.7457917+09:00" endTime="2026-08-23T23:01:46.7457918+09:00" testType="13cdc9d9-ddb5-4fa4-a97d-d965ccfc6d4b" outcome="Passed" testListId="8c84fa94-04c1-424b-9868-57a2d4851a1d" relativeResultsDirectory="af0edad2-f41a-44e4-906d-0f97dc23a08c" />
    <UnitTestResult executionId="ab5e5150-d8d3-41e4-bbf9-b779f9e30370" testId="1b6000d9-1020-e866-2f10-a2afe8a0f7c2" testName="TabletDroid.Tests.DiagnosticsAndRotationTests.DiagnosticLogService_WritesLogFilesSuccessfully" computerName="초루의-FLOWZ13" duration="00:00:00.1336748" startTime="2026-08-23T23:01:46.7462477+09:00" endTime="2026-08-23T23:01:46.7462477+09:00" testType="13cdc9d9-ddb5-4fa4-a97d-d965ccfc6d4b" outcome="Passed" testListId="8c84fa94-04c1-424b-9868-57a2d4851a1d" relativeResultsDirectory="ab5e5150-d8d3-41e4-bbf9-b779f9e30370" />
    <UnitTestResult executionId="ce0c8b88-beab-47af-b24f-f64de2e9a85b" testId="1ef10ed6-ef93-0ee6-06b5-3c197ddcbbce" testName="TabletDroid.Tests.BenchmarkMetricsTests.PercentileCalculation_IsExact" computerName="초루의-FLOWZ13" duration="00:00:00.1120485" startTime="2026-08-23T23:01:46.7166381+09:00" endTime="2026-08-23T23:01:46.7166381+09:00" testType="13cdc9d9-ddb5-4fa4-a97d-d965ccfc6d4b" outcome="Passed" testListId="8c84fa94-04c1-424b-9868-57a2d4851a1d" relativeResultsDirectory="ce0c8b88-beab-47af-b24f-f64de2e9a85b" />
    <UnitTestResult executionId="7dc582ce-a80e-4757-8464-540ed594bf70" testId="6cfcd7a0-961b-0024-e381-b60e823b2478" testName="TabletDroid.Tests.BenchmarkMetricsTests.ThroughputAndLatencyFps_AreDistinguishedCorrectly" computerName="초루의-FLOWZ13" duration="00:00:00.0012859" startTime="2026-08-23T23:01:46.7461261+09:00" endTime="2026-08-23T23:01:46.7461262+09:00" testType="13cdc9d9-ddb5-4fa4-a97d-d965ccfc6d4b" outcome="Passed" testListId="8c84fa94-04c1-424b-9868-57a2d4851a1d" relativeResultsDirectory="7dc582ce-a80e-4757-8464-540ed594bf70" />
    <UnitTestResult executionId="66633433-10ea-44df-b165-0de985139e3a" testId="c71e55b1-0754-230e-2be3-a25875937207" testName="TabletDroid.Tests.RuntimeStateMachineTests.InvalidTransition_Fails" computerName="초루의-FLOWZ13" duration="00:00:00.0003467" startTime="2026-08-23T23:01:46.7459594+09:00" endTime="2026-08-23T23:01:46.7459595+09:00" testType="13cdc9d9-ddb5-4fa4-a97d-d965ccfc6d4b" outcome="Passed" testListId="8c84fa94-04c1-424b-9868-57a2d4851a1d" relativeResultsDirectory="66633433-10ea-44df-b165-0de985139e3a" />
    <UnitTestResult executionId="d9f94632-0b0d-4dfa-9136-a50eaaa1dd45" testId="361d1f8b-c4d7-73eb-a20d-45333f56a078" testName="TabletDroid.Tests.ClipboardBridgeTests.ComputeHash_ProducesConsistentSha256" computerName="초루의-FLOWZ13" duration="00:00:00.0019290" startTime="2026-08-23T23:01:46.7831667+09:00" endTime="2026-08-23T23:01:46.7831669+09:00" testType="13cdc9d9-ddb5-4fa4-a97d-d965ccfc6d4b" outcome="Passed" testListId="8c84fa94-04c1-424b-9868-57a2d4851a1d" relativeResultsDirectory="d9f94632-0b0d-4dfa-9136-a50eaaa1dd45" />
    <UnitTestResult executionId="e5e8179c-14da-428a-a3ae-69dea96bb3ff" testId="24f5b550-fcea-9f41-4bc8-b060c6c23167" testName="TabletDroid.Tests.ClipboardBridgeTests.HandleWindowsClipboardChanged_SendsToGuest_WhenTextIsNew" computerName="초루의-FLOWZ13" duration="00:00:00.0042306" startTime="2026-08-23T23:01:46.7811701+09:00" endTime="2026-08-23T23:01:46.7811704+09:00" testType="13cdc9d9-ddb5-4fa4-a97d-d965ccfc6d4b" outcome="Passed" testListId="8c84fa94-04c1-424b-9868-57a2d4851a1d" relativeResultsDirectory="e5e8179c-14da-428a-a3ae-69dea96bb3ff" />
    <UnitTestResult executionId="97b8b8ee-50e3-4319-b446-070733a4caf3" testId="6b78e0f5-6115-a2ae-35a6-be0abd8a577e" testName="TabletDroid.Tests.RuntimeStateMachineTests.ValidTransitions_Succeed" computerName="초루의-FLOWZ13" duration="00:00:00.1121451" startTime="2026-08-23T23:01:46.7168341+09:00" endTime="2026-08-23T23:01:46.7168342+09:00" testType="13cdc9d9-ddb5-4fa4-a97d-d965ccfc6d4b" outcome="Passed" testListId="8c84fa94-04c1-424b-9868-57a2d4851a1d" relativeResultsDirectory="97b8b8ee-50e3-4319-b446-070733a4caf3" />
    <UnitTestResult executionId="f9cbde8d-4a28-478f-89cc-d4e8117c5c26" testId="471c3253-27cc-8849-1315-62b8e85224cb" testName="TabletDroid.Tests.ProtocolSerializationTests.ClipboardSyncMessage_WithReplyTo_SerializesAndDeserializesCorrectly" computerName="초루의-FLOWZ13" duration="00:00:00.1219018" startTime="2026-08-23T23:01:46.7460297+09:00" endTime="2026-08-23T23:01:46.7460297+09:00" testType="13cdc9d9-ddb5-4fa4-a97d-d965ccfc6d4b" outcome="Passed" testListId="8c84fa94-04c1-424b-9868-57a2d4851a1d" relativeResultsDirectory="f9cbde8d-4a28-478f-89cc-d4e8117c5c26" />
    <UnitTestResult executionId="ab053681-e46b-4428-9804-0a8bf042fc1b" testId="29f29237-f60c-b3fa-eb3d-faf6a277223f" testName="TabletDroid.Tests.BenchmarkMetricsTests.MultiTrialStatistics_CalculatesMedianMinMaxStdDev" computerName="초루의-FLOWZ13" duration="00:00:00.0083591" startTime="2026-08-23T23:01:46.7460672+09:00" endTime="2026-08-23T23:01:46.7460673+09:00" testType="13cdc9d9-ddb5-4fa4-a97d-d965ccfc6d4b" outcome="Passed" testListId="8c84fa94-04c1-424b-9868-57a2d4851a1d" relativeResultsDirectory="ab053681-e46b-4428-9804-0a8bf042fc1b" />
    <UnitTestResult executionId="65601f24-9669-42e5-9594-b264648d9cf0" testId="9b7525b2-2534-576c-d8d9-8894193d9a51" testName="TabletDroid.Tests.ProtocolSerializationTests.LaunchAppResponse_Correlation_Matches" computerName="초루의-FLOWZ13" duration="00:00:00.0027853" startTime="2026-08-23T23:01:46.7461820+09:00" endTime="2026-08-23T23:01:46.7461821+09:00" testType="13cdc9d9-ddb5-4fa4-a97d-d965ccfc6d4b" outcome="Passed" testListId="8c84fa94-04c1-424b-9868-57a2d4851a1d" relativeResultsDirectory="65601f24-9669-42e5-9594-b264648d9cf0" />
    <UnitTestResult executionId="a733b956-e807-484a-b1f4-9fe3e271a9cd" testId="2767ffb1-8e03-755f-2a77-ef1c26f08056" testName="TabletDroid.Tests.DebouncedOrientationWatcherTests.OrientationWatcher_IgnoresDuplicateOrientation" computerName="초루의-FLOWZ13" duration="00:00:00.3329529" startTime="2026-08-23T23:01:46.9334597+09:00" endTime="2026-08-23T23:01:46.9334601+09:00" testType="13cdc9d9-ddb5-4fa4-a97d-d965ccfc6d4b" outcome="Passed" testListId="8c84fa94-04c1-424b-9868-57a2d4851a1d" relativeResultsDirectory="a733b956-e807-484a-b1f4-9fe3e271a9cd" />
    <UnitTestResult executionId="de724b86-55f8-4385-85d4-bb6bb1693a2d" testId="1c7a0fe0-7196-b625-5c55-2485e7f58662" testName="TabletDroid.Tests.DiagnosticsAndRotationTests.RotationBridge_AppliesUserRotation_WhenPolicyIsPortraitPreferred" computerName="초루의-FLOWZ13" duration="00:00:00.0445686" startTime="2026-08-23T23:01:46.7773110+09:00" endTime="2026-08-23T23:01:46.7773111+09:00" testType="13cdc9d9-ddb5-4fa4-a97d-d965ccfc6d4b" outcome="Passed" testListId="8c84fa94-04c1-424b-9868-57a2d4851a1d" relativeResultsDirectory="de724b86-55f8-4385-85d4-bb6bb1693a2d" />
  </Results>
  <TestDefinitions>
    <UnitTest name="TabletDroid.Tests.BenchmarkMetricsTests.LowFrameSample_IsClassifiedAsInsufficientSamples" storage="c:\users\o1o6o\documents\dev\tabletdroid\host\tabletdroid.tests\bin\debug\net9.0\tabletdroid.tests.dll" id="f00d7e1c-cda6-9768-a839-4fc62b89688c">
      <Execution id="0b0063d3-b220-4ee2-8e3e-9e40e0954320" />
      <TestMethod codeBase="C:\Users\o1o6o\Documents\Dev\TabletDroid\host\TabletDroid.Tests\bin\Debug\net9.0\TabletDroid.Tests.dll" adapterTypeName="executor://xunit/VsTestRunner2/netcoreapp" className="TabletDroid.Tests.BenchmarkMetricsTests" name="LowFrameSample_IsClassifiedAsInsufficientSamples" />
    </UnitTest>
    <UnitTest name="TabletDroid.Tests.DebouncedOrientationWatcherTests.OrientationWatcher_IgnoresDuplicateOrientation" storage="c:\users\o1o6o\documents\dev\tabletdroid\host\tabletdroid.tests\bin\debug\net9.0\tabletdroid.tests.dll" id="2767ffb1-8e03-755f-2a77-ef1c26f08056">
      <Execution id="a733b956-e807-484a-b1f4-9fe3e271a9cd" />
      <TestMethod codeBase="C:\Users\o1o6o\Documents\Dev\TabletDroid\host\TabletDroid.Tests\bin\Debug\net9.0\TabletDroid.Tests.dll" adapterTypeName="executor://xunit/VsTestRunner2/netcoreapp" className="TabletDroid.Tests.DebouncedOrientationWatcherTests" name="OrientationWatcher_IgnoresDuplicateOrientation" />
    </UnitTest>
    <UnitTest name="TabletDroid.Tests.BenchmarkMetricsTests.MultiTrialStatistics_CalculatesMedianMinMaxStdDev" storage="c:\users\o1o6o\documents\dev\tabletdroid\host\tabletdroid.tests\bin\debug\net9.0\tabletdroid.tests.dll" id="29f29237-f60c-b3fa-eb3d-faf6a277223f">
      <Execution id="ab053681-e46b-4428-9804-0a8bf042fc1b" />
      <TestMethod codeBase="C:\Users\o1o6o\Documents\Dev\TabletDroid\host\TabletDroid.Tests\bin\Debug\net9.0\TabletDroid.Tests.dll" adapterTypeName="executor://xunit/VsTestRunner2/netcoreapp" className="TabletDroid.Tests.BenchmarkMetricsTests" name="MultiTrialStatistics_CalculatesMedianMinMaxStdDev" />
    </UnitTest>
    <UnitTest name="TabletDroid.Tests.ProtocolSerializationTests.HandshakeMessage_SerializesCorrectly" storage="c:\users\o1o6o\documents\dev\tabletdroid\host\tabletdroid.tests\bin\debug\net9.0\tabletdroid.tests.dll" id="d9a78669-7762-7e2c-22bf-10994ddde10d">
      <Execution id="4281e16d-75b6-4b4d-956e-af3d17f42a0c" />
      <TestMethod codeBase="C:\Users\o1o6o\Documents\Dev\TabletDroid\host\TabletDroid.Tests\bin\Debug\net9.0\TabletDroid.Tests.dll" adapterTypeName="executor://xunit/VsTestRunner2/netcoreapp" className="TabletDroid.Tests.ProtocolSerializationTests" name="HandshakeMessage_SerializesCorrectly" />
    </UnitTest>
    <UnitTest name="TabletDroid.Tests.BenchmarkMetricsTests.ThroughputAndLatencyFps_AreDistinguishedCorrectly" storage="c:\users\o1o6o\documents\dev\tabletdroid\host\tabletdroid.tests\bin\debug\net9.0\tabletdroid.tests.dll" id="6cfcd7a0-961b-0024-e381-b60e823b2478">
      <Execution id="7dc582ce-a80e-4757-8464-540ed594bf70" />
      <TestMethod codeBase="C:\Users\o1o6o\Documents\Dev\TabletDroid\host\TabletDroid.Tests\bin\Debug\net9.0\TabletDroid.Tests.dll" adapterTypeName="executor://xunit/VsTestRunner2/netcoreapp" className="TabletDroid.Tests.BenchmarkMetricsTests" name="ThroughputAndLatencyFps_AreDistinguishedCorrectly" />
    </UnitTest>
    <UnitTest name="TabletDroid.Tests.ProtocolSerializationTests.ClipboardSyncMessage_WithReplyTo_SerializesAndDeserializesCorrectly" storage="c:\users\o1o6o\documents\dev\tabletdroid\host\tabletdroid.tests\bin\debug\net9.0\tabletdroid.tests.dll" id="471c3253-27cc-8849-1315-62b8e85224cb">
      <Execution id="f9cbde8d-4a28-478f-89cc-d4e8117c5c26" />
      <TestMethod codeBase="C:\Users\o1o6o\Documents\Dev\TabletDroid\host\TabletDroid.Tests\bin\Debug\net9.0\TabletDroid.Tests.dll" adapterTypeName="executor://xunit/VsTestRunner2/netcoreapp" className="TabletDroid.Tests.ProtocolSerializationTests" name="ClipboardSyncMessage_WithReplyTo_SerializesAndDeserializesCorrectly" />
    </UnitTest>
    <UnitTest name="TabletDroid.Tests.DiagnosticsAndRotationTests.RotationBridge_AppliesUserRotation_WhenPolicyIsPortraitPreferred" storage="c:\users\o1o6o\documents\dev\tabletdroid\host\tabletdroid.tests\bin\debug\net9.0\tabletdroid.tests.dll" id="1c7a0fe0-7196-b625-5c55-2485e7f58662">
      <Execution id="de724b86-55f8-4385-85d4-bb6bb1693a2d" />
      <TestMethod codeBase="C:\Users\o1o6o\Documents\Dev\TabletDroid\host\TabletDroid.Tests\bin\Debug\net9.0\TabletDroid.Tests.dll" adapterTypeName="executor://xunit/VsTestRunner2/netcoreapp" className="TabletDroid.Tests.DiagnosticsAndRotationTests" name="RotationBridge_AppliesUserRotation_WhenPolicyIsPortraitPreferred" />
    </UnitTest>
    <UnitTest name="TabletDroid.Tests.ClipboardBridgeTests.HandleWindowsClipboardChanged_SuppressesEcho_WhenHashMatchesLastSent" storage="c:\users\o1o6o\documents\dev\tabletdroid\host\tabletdroid.tests\bin\debug\net9.0\tabletdroid.tests.dll" id="ecfc34f1-4362-5b41-42fd-030e54caaca5">
      <Execution id="785ed0d1-8a66-4e6d-9857-53d5e0e8ce46" />
      <TestMethod codeBase="C:\Users\o1o6o\Documents\Dev\TabletDroid\host\TabletDroid.Tests\bin\Debug\net9.0\TabletDroid.Tests.dll" adapterTypeName="executor://xunit/VsTestRunner2/netcoreapp" className="TabletDroid.Tests.ClipboardBridgeTests" name="HandleWindowsClipboardChanged_SuppressesEcho_WhenHashMatchesLastSent" />
    </UnitTest>
    <UnitTest name="TabletDroid.Tests.RuntimeStateMachineTests.InvalidTransition_Fails" storage="c:\users\o1o6o\documents\dev\tabletdroid\host\tabletdroid.tests\bin\debug\net9.0\tabletdroid.tests.dll" id="c71e55b1-0754-230e-2be3-a25875937207">
      <Execution id="66633433-10ea-44df-b165-0de985139e3a" />
      <TestMethod codeBase="C:\Users\o1o6o\Documents\Dev\TabletDroid\host\TabletDroid.Tests\bin\Debug\net9.0\TabletDroid.Tests.dll" adapterTypeName="executor://xunit/VsTestRunner2/netcoreapp" className="TabletDroid.Tests.RuntimeStateMachineTests" name="InvalidTransition_Fails" />
    </UnitTest>
    <UnitTest name="TabletDroid.Tests.DebouncedOrientationWatcherTests.OrientationWatcher_DebouncesRapidEvents" storage="c:\users\o1o6o\documents\dev\tabletdroid\host\tabletdroid.tests\bin\debug\net9.0\tabletdroid.tests.dll" id="61d61233-e8a6-f81b-9296-c9eaba8c4822">
      <Execution id="c61cabe4-830a-4436-9138-2f9518948d10" />
      <TestMethod codeBase="C:\Users\o1o6o\Documents\Dev\TabletDroid\host\TabletDroid.Tests\bin\Debug\net9.0\TabletDroid.Tests.dll" adapterTypeName="executor://xunit/VsTestRunner2/netcoreapp" className="TabletDroid.Tests.DebouncedOrientationWatcherTests" name="OrientationWatcher_DebouncesRapidEvents" />
    </UnitTest>
    <UnitTest name="TabletDroid.Tests.WindowEmbedderTests.ComputeEmbeddedStyle_StripsPopupAndCaption_AndAddsChildAndVisible" storage="c:\users\o1o6o\documents\dev\tabletdroid\host\tabletdroid.tests\bin\debug\net9.0\tabletdroid.tests.dll" id="cbd4b062-062b-af62-1cfe-30864060d127">
      <Execution id="87c886b5-81ee-40f7-bc5a-fef11d7c3a47" />
      <TestMethod codeBase="C:\Users\o1o6o\Documents\Dev\TabletDroid\host\TabletDroid.Tests\bin\Debug\net9.0\TabletDroid.Tests.dll" adapterTypeName="executor://xunit/VsTestRunner2/netcoreapp" className="TabletDroid.Tests.WindowEmbedderTests" name="ComputeEmbeddedStyle_StripsPopupAndCaption_AndAddsChildAndVisible" />
    </UnitTest>
    <UnitTest name="TabletDroid.Tests.BenchmarkMetricsTests.PercentileCalculation_IsExact" storage="c:\users\o1o6o\documents\dev\tabletdroid\host\tabletdroid.tests\bin\debug\net9.0\tabletdroid.tests.dll" id="1ef10ed6-ef93-0ee6-06b5-3c197ddcbbce">
      <Execution id="ce0c8b88-beab-47af-b24f-f64de2e9a85b" />
      <TestMethod codeBase="C:\Users\o1o6o\Documents\Dev\TabletDroid\host\TabletDroid.Tests\bin\Debug\net9.0\TabletDroid.Tests.dll" adapterTypeName="executor://xunit/VsTestRunner2/netcoreapp" className="TabletDroid.Tests.BenchmarkMetricsTests" name="PercentileCalculation_IsExact" />
    </UnitTest>
    <UnitTest name="TabletDroid.Tests.ClipboardBridgeTests.ComputeHash_ProducesConsistentSha256" storage="c:\users\o1o6o\documents\dev\tabletdroid\host\tabletdroid.tests\bin\debug\net9.0\tabletdroid.tests.dll" id="361d1f8b-c4d7-73eb-a20d-45333f56a078">
      <Execution id="d9f94632-0b0d-4dfa-9136-a50eaaa1dd45" />
      <TestMethod codeBase="C:\Users\o1o6o\Documents\Dev\TabletDroid\host\TabletDroid.Tests\bin\Debug\net9.0\TabletDroid.Tests.dll" adapterTypeName="executor://xunit/VsTestRunner2/netcoreapp" className="TabletDroid.Tests.ClipboardBridgeTests" name="ComputeHash_ProducesConsistentSha256" />
    </UnitTest>
    <UnitTest name="TabletDroid.Tests.DiagnosticsAndRotationTests.RotationBridge_AppliesUserRotation_WhenSynchronizingPhysicalOrientation" storage="c:\users\o1o6o\documents\dev\tabletdroid\host\tabletdroid.tests\bin\debug\net9.0\tabletdroid.tests.dll" id="c56bcb60-d88e-4f07-ca5b-02d8cb9a4535">
      <Execution id="8ebc349b-5c01-4287-b57a-bea65a478929" />
      <TestMethod codeBase="C:\Users\o1o6o\Documents\Dev\TabletDroid\host\TabletDroid.Tests\bin\Debug\net9.0\TabletDroid.Tests.dll" adapterTypeName="executor://xunit/VsTestRunner2/netcoreapp" className="TabletDroid.Tests.DiagnosticsAndRotationTests" name="RotationBridge_AppliesUserRotation_WhenSynchronizingPhysicalOrientation" />
    </UnitTest>
    <UnitTest name="TabletDroid.Tests.ClipboardBridgeTests.HandleWindowsClipboardChanged_SendsToGuest_WhenTextIsNew" storage="c:\users\o1o6o\documents\dev\tabletdroid\host\tabletdroid.tests\bin\debug\net9.0\tabletdroid.tests.dll" id="24f5b550-fcea-9f41-4bc8-b060c6c23167">
      <Execution id="e5e8179c-14da-428a-a3ae-69dea96bb3ff" />
      <TestMethod codeBase="C:\Users\o1o6o\Documents\Dev\TabletDroid\host\TabletDroid.Tests\bin\Debug\net9.0\TabletDroid.Tests.dll" adapterTypeName="executor://xunit/VsTestRunner2/netcoreapp" className="TabletDroid.Tests.ClipboardBridgeTests" name="HandleWindowsClipboardChanged_SendsToGuest_WhenTextIsNew" />
    </UnitTest>
    <UnitTest name="TabletDroid.Tests.DiagnosticsAndRotationTests.DiagnosticLogService_WritesLogFilesSuccessfully" storage="c:\users\o1o6o\documents\dev\tabletdroid\host\tabletdroid.tests\bin\debug\net9.0\tabletdroid.tests.dll" id="1b6000d9-1020-e866-2f10-a2afe8a0f7c2">
      <Execution id="ab5e5150-d8d3-41e4-bbf9-b779f9e30370" />
      <TestMethod codeBase="C:\Users\o1o6o\Documents\Dev\TabletDroid\host\TabletDroid.Tests\bin\Debug\net9.0\TabletDroid.Tests.dll" adapterTypeName="executor://xunit/VsTestRunner2/netcoreapp" className="TabletDroid.Tests.DiagnosticsAndRotationTests" name="DiagnosticLogService_WritesLogFilesSuccessfully" />
    </UnitTest>
    <UnitTest name="TabletDroid.Tests.WindowEmbedderTests.ComputeEmbeddedExStyle_StripsAppWindowAndBorders_AndAddsNoParentNotify" storage="c:\users\o1o6o\documents\dev\tabletdroid\host\tabletdroid.tests\bin\debug\net9.0\tabletdroid.tests.dll" id="5034bb9b-697c-54ad-02ff-5b2f1974e873">
      <Execution id="af0edad2-f41a-44e4-906d-0f97dc23a08c" />
      <TestMethod codeBase="C:\Users\o1o6o\Documents\Dev\TabletDroid\host\TabletDroid.Tests\bin\Debug\net9.0\TabletDroid.Tests.dll" adapterTypeName="executor://xunit/VsTestRunner2/netcoreapp" className="TabletDroid.Tests.WindowEmbedderTests" name="ComputeEmbeddedExStyle_StripsAppWindowAndBorders_AndAddsNoParentNotify" />
    </UnitTest>
    <UnitTest name="TabletDroid.Tests.RuntimeStateMachineTests.ValidTransitions_Succeed" storage="c:\users\o1o6o\documents\dev\tabletdroid\host\tabletdroid.tests\bin\debug\net9.0\tabletdroid.tests.dll" id="6b78e0f5-6115-a2ae-35a6-be0abd8a577e">
      <Execution id="97b8b8ee-50e3-4319-b446-070733a4caf3" />
      <TestMethod codeBase="C:\Users\o1o6o\Documents\Dev\TabletDroid\host\TabletDroid.Tests\bin\Debug\net9.0\TabletDroid.Tests.dll" adapterTypeName="executor://xunit/VsTestRunner2/netcoreapp" className="TabletDroid.Tests.RuntimeStateMachineTests" name="ValidTransitions_Succeed" />
    </UnitTest>
    <UnitTest name="TabletDroid.Tests.ProtocolSerializationTests.LaunchAppResponse_Correlation_Matches" storage="c:\users\o1o6o\documents\dev\tabletdroid\host\tabletdroid.tests\bin\debug\net9.0\tabletdroid.tests.dll" id="9b7525b2-2534-576c-d8d9-8894193d9a51">
      <Execution id="65601f24-9669-42e5-9594-b264648d9cf0" />
      <TestMethod codeBase="C:\Users\o1o6o\Documents\Dev\TabletDroid\host\TabletDroid.Tests\bin\Debug\net9.0\TabletDroid.Tests.dll" adapterTypeName="executor://xunit/VsTestRunner2/netcoreapp" className="TabletDroid.Tests.ProtocolSerializationTests" name="LaunchAppResponse_Correlation_Matches" />
    </UnitTest>
  </TestDefinitions>
  <TestEntries>
    <TestEntry testId="ecfc34f1-4362-5b41-42fd-030e54caaca5" executionId="785ed0d1-8a66-4e6d-9857-53d5e0e8ce46" testListId="8c84fa94-04c1-424b-9868-57a2d4851a1d" />
    <TestEntry testId="f00d7e1c-cda6-9768-a839-4fc62b89688c" executionId="0b0063d3-b220-4ee2-8e3e-9e40e0954320" testListId="8c84fa94-04c1-424b-9868-57a2d4851a1d" />
    <TestEntry testId="d9a78669-7762-7e2c-22bf-10994ddde10d" executionId="4281e16d-75b6-4b4d-956e-af3d17f42a0c" testListId="8c84fa94-04c1-424b-9868-57a2d4851a1d" />
    <TestEntry testId="61d61233-e8a6-f81b-9296-c9eaba8c4822" executionId="c61cabe4-830a-4436-9138-2f9518948d10" testListId="8c84fa94-04c1-424b-9868-57a2d4851a1d" />
    <TestEntry testId="cbd4b062-062b-af62-1cfe-30864060d127" executionId="87c886b5-81ee-40f7-bc5a-fef11d7c3a47" testListId="8c84fa94-04c1-424b-9868-57a2d4851a1d" />
    <TestEntry testId="c56bcb60-d88e-4f07-ca5b-02d8cb9a4535" executionId="8ebc349b-5c01-4287-b57a-bea65a478929" testListId="8c84fa94-04c1-424b-9868-57a2d4851a1d" />
    <TestEntry testId="5034bb9b-697c-54ad-02ff-5b2f1974e873" executionId="af0edad2-f41a-44e4-906d-0f97dc23a08c" testListId="8c84fa94-04c1-424b-9868-57a2d4851a1d" />
    <TestEntry testId="1b6000d9-1020-e866-2f10-a2afe8a0f7c2" executionId="ab5e5150-d8d3-41e4-bbf9-b779f9e30370" testListId="8c84fa94-04c1-424b-9868-57a2d4851a1d" />
    <TestEntry testId="1ef10ed6-ef93-0ee6-06b5-3c197ddcbbce" executionId="ce0c8b88-beab-47af-b24f-f64de2e9a85b" testListId="8c84fa94-04c1-424b-9868-57a2d4851a1d" />
    <TestEntry testId="6cfcd7a0-961b-0024-e381-b60e823b2478" executionId="7dc582ce-a80e-4757-8464-540ed594bf70" testListId="8c84fa94-04c1-424b-9868-57a2d4851a1d" />
    <TestEntry testId="c71e55b1-0754-230e-2be3-a25875937207" executionId="66633433-10ea-44df-b165-0de985139e3a" testListId="8c84fa94-04c1-424b-9868-57a2d4851a1d" />
    <TestEntry testId="361d1f8b-c4d7-73eb-a20d-45333f56a078" executionId="d9f94632-0b0d-4dfa-9136-a50eaaa1dd45" testListId="8c84fa94-04c1-424b-9868-57a2d4851a1d" />
    <TestEntry testId="24f5b550-fcea-9f41-4bc8-b060c6c23167" executionId="e5e8179c-14da-428a-a3ae-69dea96bb3ff" testListId="8c84fa94-04c1-424b-9868-57a2d4851a1d" />
    <TestEntry testId="6b78e0f5-6115-a2ae-35a6-be0abd8a577e" executionId="97b8b8ee-50e3-4319-b446-070733a4caf3" testListId="8c84fa94-04c1-424b-9868-57a2d4851a1d" />
    <TestEntry testId="471c3253-27cc-8849-1315-62b8e85224cb" executionId="f9cbde8d-4a28-478f-89cc-d4e8117c5c26" testListId="8c84fa94-04c1-424b-9868-57a2d4851a1d" />
    <TestEntry testId="29f29237-f60c-b3fa-eb3d-faf6a277223f" executionId="ab053681-e46b-4428-9804-0a8bf042fc1b" testListId="8c84fa94-04c1-424b-9868-57a2d4851a1d" />
    <TestEntry testId="9b7525b2-2534-576c-d8d9-8894193d9a51" executionId="65601f24-9669-42e5-9594-b264648d9cf0" testListId="8c84fa94-04c1-424b-9868-57a2d4851a1d" />
    <TestEntry testId="2767ffb1-8e03-755f-2a77-ef1c26f08056" executionId="a733b956-e807-484a-b1f4-9fe3e271a9cd" testListId="8c84fa94-04c1-424b-9868-57a2d4851a1d" />
    <TestEntry testId="1c7a0fe0-7196-b625-5c55-2485e7f58662" executionId="de724b86-55f8-4385-85d4-bb6bb1693a2d" testListId="8c84fa94-04c1-424b-9868-57a2d4851a1d" />
  </TestEntries>
  <TestLists>
    <TestList name="목록에 없는 결과" id="8c84fa94-04c1-424b-9868-57a2d4851a1d" />
    <TestList name="로드된 모든 결과" id="19431567-8539-422a-85d7-44ee4e166bda" />
  </TestLists>
  <ResultSummary outcome="Completed">
    <Counters total="19" executed="19" passed="19" failed="0" error="0" timeout="0" aborted="0" inconclusive="0" passedButRunAborted="0" notRunnable="0" notExecuted="0" disconnected="0" warning="0" completed="0" inProgress="0" pending="0" />
    <Output>
      <StdOut>[xUnit.net 00:00:00.00] xUnit.net VSTest Adapter v2.8.2+699d445a1a (64-bit .NET 9.0.19)&#xD;
[xUnit.net 00:00:00.39]   Discovering: TabletDroid.Tests&#xD;
[xUnit.net 00:00:00.41]   Discovered:  TabletDroid.Tests&#xD;
[xUnit.net 00:00:00.41]   Starting:    TabletDroid.Tests&#xD;
[xUnit.net 00:00:01.05]   Finished:    TabletDroid.Tests&#xD;
</StdOut>
    </Output>
  </ResultSummary>
</TestRun>